The system is: Linux - 2.6.32-573.el6.x86_64 - x86_64
Compiling the C compiler identification source file "CMakeCCompilerId.c" succeeded.
Compiler: /opt/intel/compilers_and_libraries_2016.0.109/linux/bin/intel64/icc 
Build flags: 
Id flags: 

The output was:
0


Compilation of the C compiler identification source "CMakeCCompilerId.c" produced "a.out"

The C compiler identification is Intel, found in "//home/jlin29/Desktop/L09/build/CMakeFiles/2.8.12.2/CompilerIdC/a.out"

Compiling the CXX compiler identification source file "CMakeCXXCompilerId.cpp" succeeded.
Compiler: /opt/intel/compilers_and_libraries_2016.0.109/linux/bin/intel64/icpc 
Build flags: 
Id flags: 

The output was:
0


Compilation of the CXX compiler identification source "CMakeCXXCompilerId.cpp" produced "a.out"

The CXX compiler identification is Intel, found in "//home/jlin29/Desktop/L09/build/CMakeFiles/2.8.12.2/CompilerIdCXX/a.out"

Determining if the C compiler works passed with the following output:
Change Dir: //home/jlin29/Desktop/L09/build/CMakeFiles/CMakeTmp

Run Build Command:/usr/bin/gmake "cmTryCompileExec1229789405/fast"
gmake: Warning: File `Makefile' has modification time 0.031 s in the future
/usr/bin/gmake -f CMakeFiles/cmTryCompileExec1229789405.dir/build.make CMakeFiles/cmTryCompileExec1229789405.dir/build
gmake[1]: Entering directory `/home/jlin29/Desktop/L09/build/CMakeFiles/CMakeTmp'
gmake[1]: Warning: File `CMakeFiles/cmTryCompileExec1229789405.dir/flags.make' has modification time 0.0041 s in the future
/usr/bin/cmake -E cmake_progress_report //home/jlin29/Desktop/L09/build/CMakeFiles/CMakeTmp/CMakeFiles 1
Building C object CMakeFiles/cmTryCompileExec1229789405.dir/testCCompiler.c.o
/opt/intel/compilers_and_libraries_2016.0.109/linux/bin/intel64/icc    -o CMakeFiles/cmTryCompileExec1229789405.dir/testCCompiler.c.o   -c //home/jlin29/Desktop/L09/build/CMakeFiles/CMakeTmp/testCCompiler.c
Linking C executable cmTryCompileExec1229789405
/usr/bin/cmake -E cmake_link_script CMakeFiles/cmTryCompileExec1229789405.dir/link.txt --verbose=1
/opt/intel/compilers_and_libraries_2016.0.109/linux/bin/intel64/icc       CMakeFiles/cmTryCompileExec1229789405.dir/testCCompiler.c.o  -o cmTryCompileExec1229789405 -rdynamic 
gmake[1]: warning:  Clock skew detected.  Your build may be incomplete.
gmake[1]: Leaving directory `/home/jlin29/Desktop/L09/build/CMakeFiles/CMakeTmp'
gmake: warning:  Clock skew detected.  Your build may be incomplete.


Detecting C compiler ABI info compiled with the following output:
Change Dir: //home/jlin29/Desktop/L09/build/CMakeFiles/CMakeTmp

Run Build Command:/usr/bin/gmake "cmTryCompileExec3563564097/fast"
gmake: Warning: File `Makefile' has modification time 0.04 s in the future
/usr/bin/gmake -f CMakeFiles/cmTryCompileExec3563564097.dir/build.make CMakeFiles/cmTryCompileExec3563564097.dir/build
gmake[1]: Entering directory `/home/jlin29/Desktop/L09/build/CMakeFiles/CMakeTmp'
gmake[1]: Warning: File `CMakeFiles/cmTryCompileExec3563564097.dir/flags.make' has modification time 0.016 s in the future
/usr/bin/cmake -E cmake_progress_report //home/jlin29/Desktop/L09/build/CMakeFiles/CMakeTmp/CMakeFiles 1
Building C object CMakeFiles/cmTryCompileExec3563564097.dir/CMakeCCompilerABI.c.o
/opt/intel/compilers_and_libraries_2016.0.109/linux/bin/intel64/icc    -o CMakeFiles/cmTryCompileExec3563564097.dir/CMakeCCompilerABI.c.o   -c /usr/share/cmake/Modules/CMakeCCompilerABI.c
Linking C executable cmTryCompileExec3563564097
/usr/bin/cmake -E cmake_link_script CMakeFiles/cmTryCompileExec3563564097.dir/link.txt --verbose=1
/opt/intel/compilers_and_libraries_2016.0.109/linux/bin/intel64/icc     -v CMakeFiles/cmTryCompileExec3563564097.dir/CMakeCCompilerABI.c.o  -o cmTryCompileExec3563564097 -rdynamic  
icc version 16.0.0 (gcc version 4.4.7 compatibility)
/opt/intel/compilers_and_libraries_2016.0.109/linux/bin/intel64/mcpcom    -mGLOB_em64t=TRUE -mP1OPT_version=16.0-intel64 -mGLOB_diag_file=CMakeFiles/cmTryCompileExec3563564097.dir/CMakeCCompilerABI.c.diag -mP1OPT_print_version=FALSE -mCG_use_gas_got_workaround=F -mP2OPT_align_option_used=TRUE -mGLOB_gcc_version=447 "-mGLOB_options_string=-v -o cmTryCompileExec3563564097 -rdynamic" -mGLOB_cxx_limited_range=FALSE -mCG_extend_parms=FALSE -mGLOB_compiler_bin_directory=/opt/intel/compilers_and_libraries_2016.0.109/linux/bin/intel64 -mGLOB_as_output_backup_file_name=/tmp/iccE2zyvUas_.s -mGLOB_dashboard_use_source_name -mIPOPT_activate -mGLOB_product_id_code=0x22006d91 -mP3OPT_use_mspp_call_convention -mP2OPT_subs_out_of_bound=FALSE -mP2OPT_disam_type_based_disam=2 -mP2OPT_disam_assume_ansi_c -mP2OPT_checked_disam_ansi_alias=TRUE -mGLOB_ansi_alias -mPGOPTI_value_profile_use=T -mGLOB_opt_report_use_source_name -mP2OPT_il0_array_sections=TRUE -mGLOB_offload_mode=1 -mP2OPT_offload_unique_var_string=icc010497918670pG4gOC -mP2OPT_hlo -mP2OPT_hpo_rtt_control=0 -mIPOPT_args_in_regs=0 -mP2OPT_disam_assume_nonstd_intent_in=FALSE -mGLOB_imf_mapping_library=/opt/intel/compilers_and_libraries_2016.0.109/linux/bin/intel64/libiml_attr.so -mPGOPTI_gen_threadsafe_level=0 -mIPOPT_link -mIPOPT_ipo_activate -mIPOPT_mo_activate -mIPOPT_source_files_list=/tmp/iccslis0zqY6l -mIPOPT_mo_global_data -mIPOPT_link_script_file=/tmp/iccscriptnsqpUc "-mIPOPT_cmdline_link="/usr/lib/gcc/x86_64-redhat-linux/4.4.7/../../../../lib64/crt1.o" "/usr/lib/gcc/x86_64-redhat-linux/4.4.7/../../../../lib64/crti.o" "/usr/lib/gcc/x86_64-redhat-linux/4.4.7/crtbegin.o" "-export-dynamic" "--eh-frame-hdr" "--build-id" "-dynamic-linker" "/lib64/ld-linux-x86-64.so.2" "-m" "elf_x86_64" "-o" "cmTryCompileExec3563564097" "-L/opt/intel/compilers_and_libraries_2016.0.109/linux/ipp/../compiler/lib/intel64" "-L/opt/intel/compilers_and_libraries_2016.0.109/linux/ipp/lib/intel64" "-L/opt/intel/compilers_and_libraries_2016.0.109/linux/compiler/lib/intel64" "-L/opt/intel/compilers_and_libraries_2016.0.109/linux/mkl/lib/intel64" "-L/opt/intel/compilers_and_libraries_2016.0.109/linux/tbb/lib/intel64/gcc4.4" "-L/opt/intel/compilers_and_libraries_2016.0.109/linux/daal/lib/intel64_lin" "-L/opt/intel/compilers_and_libraries_2016.0.109/linux/daal/../tbb/lib/intel64_lin/gcc4.4" "-L/opt/intel/compilers_and_libraries_2016.0.109/linux/daal/../compiler/lib/intel64_lin" "-L/opt/intel/compilers_and_libraries_2016.0.109/linux/compiler/lib/intel64_lin" "-L/usr/lib/gcc/x86_64-redhat-linux/4.4.7/" "-L/usr/lib/gcc/x86_64-redhat-linux/4.4.7/../../../../lib64" "-L/usr/lib/gcc/x86_64-redhat-linux/4.4.7/../../../../lib64/" "-L/lib/../lib64" "-L/lib/../lib64/" "-L/usr/lib/../lib64" "-L/usr/lib/../lib64/" "-L/opt/intel/compilers_and_libraries_2016.0.109/linux/ipp/../compiler/lib/intel64/" "-L/opt/intel/compilers_and_libraries_2016.0.109/linux/ipp/lib/intel64/" "-L/opt/intel/compilers_and_libraries_2016.0.109/linux/compiler/lib/intel64/" "-L/opt/intel/compilers_and_libraries_2016.0.109/linux/mkl/lib/intel64/" "-L/opt/intel/compilers_and_libraries_2016.0.109/linux/tbb/lib/intel64/gcc4.4/" "-L/opt/intel/compilers_and_libraries_2016.0.109/linux/daal/lib/intel64_lin/" "-L/opt/intel/compilers_and_libraries_2016.0.109/linux/daal/../tbb/lib/intel64_lin/gcc4.4/" "-L/opt/intel/compilers_and_libraries_2016.0.109/linux/daal/../compiler/lib/intel64_lin/" "-L/usr/lib/gcc/x86_64-redhat-linux/4.4.7/../../../" "-L/lib64" "-L/lib/" "-L/usr/lib64" "-L/usr/lib" "CMakeFiles/cmTryCompileExec3563564097.dir/CMakeCCompilerABI.c.o" "-Bdynamic" "-Bstatic" "-limf" "-lsvml" "-lirng" "-Bdynamic" "-lm" "-Bstatic" "-lipgo" "-ldecimal" "--as-needed" "-Bdynamic" "-lcilkrts" "-lstdc++" "--no-as-needed" "-lgcc" "-lgcc_s" "-Bstatic" "-lirc" "-lsvml" "-Bdynamic" "-lc" "-lgcc" "-lgcc_s" "-Bstatic" "-lirc_s" "-Bdynamic" "-ldl" "-lc" "/usr/lib/gcc/x86_64-redhat-linux/4.4.7/crtend.o" "/usr/lib/gcc/x86_64-redhat-linux/4.4.7/../../../../lib64/crtn.o"" -mIPOPT_il_in_obj -mIPOPT_ipo_activate_warn=FALSE -mIPOPT_obj_output_file_name=/tmp/ipo_iccUlhskf.o -mIPOPT_whole_archive_fixup_file_name=/tmp/iccwarchLxXaJq -mGLOB_linker_version=2.20.51.0.2 -mGLOB_long_size_64 -mGLOB_routine_pointer_size_64 -mGLOB_driver_tempfile_name=/tmp/icctempfileWGfrzh -mP3OPT_asm_target=P3OPT_ASM_TARGET_GAS -mGLOB_async_unwind_tables=TRUE -mGLOB_obj_output_file=/tmp/ipo_iccUlhskf.o -mGLOB_source_dialect=GLOB_SOURCE_DIALECT_NONE -mP1OPT_source_file_name=ipo_out.c CMakeFiles/cmTryCompileExec3563564097.dir/CMakeCCompilerABI.c.o -mIPOPT_object_files=T -mIPOPT_assembly_files=/tmp/iccalisMu4gVW -mIPOPT_generated_tempfiles=/tmp/iccelisHq2GIN -mIPOPT_embedded_object_base_name=/tmp/icceobjiwe7vE -mIPOPT_cmdline_link_new_name=/tmp/iccllisZAGxjv
ld    /usr/lib/gcc/x86_64-redhat-linux/4.4.7/../../../../lib64/crt1.o /usr/lib/gcc/x86_64-redhat-linux/4.4.7/../../../../lib64/crti.o /usr/lib/gcc/x86_64-redhat-linux/4.4.7/crtbegin.o -export-dynamic --eh-frame-hdr --build-id -dynamic-linker /lib64/ld-linux-x86-64.so.2 -m elf_x86_64 -o cmTryCompileExec3563564097 -L/opt/intel/compilers_and_libraries_2016.0.109/linux/ipp/../compiler/lib/intel64 -L/opt/intel/compilers_and_libraries_2016.0.109/linux/ipp/lib/intel64 -L/opt/intel/compilers_and_libraries_2016.0.109/linux/compiler/lib/intel64 -L/opt/intel/compilers_and_libraries_2016.0.109/linux/mkl/lib/intel64 -L/opt/intel/compilers_and_libraries_2016.0.109/linux/tbb/lib/intel64/gcc4.4 -L/opt/intel/compilers_and_libraries_2016.0.109/linux/daal/lib/intel64_lin -L/opt/intel/compilers_and_libraries_2016.0.109/linux/daal/../tbb/lib/intel64_lin/gcc4.4 -L/opt/intel/compilers_and_libraries_2016.0.109/linux/daal/../compiler/lib/intel64_lin -L/opt/intel/compilers_and_libraries_2016.0.109/linux/compiler/lib/intel64_lin -L/usr/lib/gcc/x86_64-redhat-linux/4.4.7/ -L/usr/lib/gcc/x86_64-redhat-linux/4.4.7/../../../../lib64 -L/usr/lib/gcc/x86_64-redhat-linux/4.4.7/../../../../lib64/ -L/lib/../lib64 -L/lib/../lib64/ -L/usr/lib/../lib64 -L/usr/lib/../lib64/ -L/opt/intel/compilers_and_libraries_2016.0.109/linux/ipp/../compiler/lib/intel64/ -L/opt/intel/compilers_and_libraries_2016.0.109/linux/ipp/lib/intel64/ -L/opt/intel/compilers_and_libraries_2016.0.109/linux/compiler/lib/intel64/ -L/opt/intel/compilers_and_libraries_2016.0.109/linux/mkl/lib/intel64/ -L/opt/intel/compilers_and_libraries_2016.0.109/linux/tbb/lib/intel64/gcc4.4/ -L/opt/intel/compilers_and_libraries_2016.0.109/linux/daal/lib/intel64_lin/ -L/opt/intel/compilers_and_libraries_2016.0.109/linux/daal/../tbb/lib/intel64_lin/gcc4.4/ -L/opt/intel/compilers_and_libraries_2016.0.109/linux/daal/../compiler/lib/intel64_lin/ -L/usr/lib/gcc/x86_64-redhat-linux/4.4.7/../../../ -L/lib64 -L/lib/ -L/usr/lib64 -L/usr/lib CMakeFiles/cmTryCompileExec3563564097.dir/CMakeCCompilerABI.c.o -Bdynamic -Bstatic -limf -lsvml -lirng -Bdynamic -lm -Bstatic -lipgo -ldecimal --as-needed -Bdynamic -lcilkrts -lstdc++ --no-as-needed -lgcc -lgcc_s -Bstatic -lirc -lsvml -Bdynamic -lc -lgcc -lgcc_s -Bstatic -lirc_s -Bdynamic -ldl -lc /usr/lib/gcc/x86_64-redhat-linux/4.4.7/crtend.o /usr/lib/gcc/x86_64-redhat-linux/4.4.7/../../../../lib64/crtn.o
gmake[1]: warning:  Clock skew detected.  Your build may be incomplete.
gmake[1]: Leaving directory `/home/jlin29/Desktop/L09/build/CMakeFiles/CMakeTmp'
gmake: warning:  Clock skew detected.  Your build may be incomplete.


Parsed C implicit link information from above output:
  link line regex: [^( *|.*[/\])(ld|([^/\]+-)?ld|collect2)[^/\]*( |$)]
  ignore line: [Change Dir: //home/jlin29/Desktop/L09/build/CMakeFiles/CMakeTmp]
  ignore line: []
  ignore line: [Run Build Command:/usr/bin/gmake "cmTryCompileExec3563564097/fast"]
  ignore line: [gmake: Warning: File `Makefile' has modification time 0.04 s in the future]
  ignore line: [/usr/bin/gmake -f CMakeFiles/cmTryCompileExec3563564097.dir/build.make CMakeFiles/cmTryCompileExec3563564097.dir/build]
  ignore line: [gmake[1]: Entering directory `/home/jlin29/Desktop/L09/build/CMakeFiles/CMakeTmp']
  ignore line: [gmake[1]: Warning: File `CMakeFiles/cmTryCompileExec3563564097.dir/flags.make' has modification time 0.016 s in the future]
  ignore line: [/usr/bin/cmake -E cmake_progress_report //home/jlin29/Desktop/L09/build/CMakeFiles/CMakeTmp/CMakeFiles 1]
  ignore line: [Building C object CMakeFiles/cmTryCompileExec3563564097.dir/CMakeCCompilerABI.c.o]
  ignore line: [/opt/intel/compilers_and_libraries_2016.0.109/linux/bin/intel64/icc    -o CMakeFiles/cmTryCompileExec3563564097.dir/CMakeCCompilerABI.c.o   -c /usr/share/cmake/Modules/CMakeCCompilerABI.c]
  ignore line: [Linking C executable cmTryCompileExec3563564097]
  ignore line: [/usr/bin/cmake -E cmake_link_script CMakeFiles/cmTryCompileExec3563564097.dir/link.txt --verbose=1]
  ignore line: [/opt/intel/compilers_and_libraries_2016.0.109/linux/bin/intel64/icc     -v CMakeFiles/cmTryCompileExec3563564097.dir/CMakeCCompilerABI.c.o  -o cmTryCompileExec3563564097 -rdynamic  ]
  ignore line: [icc version 16.0.0 (gcc version 4.4.7 compatibility)]
  ignore line: [/opt/intel/compilers_and_libraries_2016.0.109/linux/bin/intel64/mcpcom    -mGLOB_em64t=TRUE -mP1OPT_version=16.0-intel64 -mGLOB_diag_file=CMakeFiles/cmTryCompileExec3563564097.dir/CMakeCCompilerABI.c.diag -mP1OPT_print_version=FALSE -mCG_use_gas_got_workaround=F -mP2OPT_align_option_used=TRUE -mGLOB_gcc_version=447 "-mGLOB_options_string=-v -o cmTryCompileExec3563564097 -rdynamic" -mGLOB_cxx_limited_range=FALSE -mCG_extend_parms=FALSE -mGLOB_compiler_bin_directory=/opt/intel/compilers_and_libraries_2016.0.109/linux/bin/intel64 -mGLOB_as_output_backup_file_name=/tmp/iccE2zyvUas_.s -mGLOB_dashboard_use_source_name -mIPOPT_activate -mGLOB_product_id_code=0x22006d91 -mP3OPT_use_mspp_call_convention -mP2OPT_subs_out_of_bound=FALSE -mP2OPT_disam_type_based_disam=2 -mP2OPT_disam_assume_ansi_c -mP2OPT_checked_disam_ansi_alias=TRUE -mGLOB_ansi_alias -mPGOPTI_value_profile_use=T -mGLOB_opt_report_use_source_name -mP2OPT_il0_array_sections=TRUE -mGLOB_offload_mode=1 -mP2OPT_offload_unique_var_string=icc010497918670pG4gOC -mP2OPT_hlo -mP2OPT_hpo_rtt_control=0 -mIPOPT_args_in_regs=0 -mP2OPT_disam_assume_nonstd_intent_in=FALSE -mGLOB_imf_mapping_library=/opt/intel/compilers_and_libraries_2016.0.109/linux/bin/intel64/libiml_attr.so -mPGOPTI_gen_threadsafe_level=0 -mIPOPT_link -mIPOPT_ipo_activate -mIPOPT_mo_activate -mIPOPT_source_files_list=/tmp/iccslis0zqY6l -mIPOPT_mo_global_data -mIPOPT_link_script_file=/tmp/iccscriptnsqpUc "-mIPOPT_cmdline_link="/usr/lib/gcc/x86_64-redhat-linux/4.4.7/../../../../lib64/crt1.o" "/usr/lib/gcc/x86_64-redhat-linux/4.4.7/../../../../lib64/crti.o" "/usr/lib/gcc/x86_64-redhat-linux/4.4.7/crtbegin.o" "-export-dynamic" "--eh-frame-hdr" "--build-id" "-dynamic-linker" "/lib64/ld-linux-x86-64.so.2" "-m" "elf_x86_64" "-o" "cmTryCompileExec3563564097" "-L/opt/intel/compilers_and_libraries_2016.0.109/linux/ipp/../compiler/lib/intel64" "-L/opt/intel/compilers_and_libraries_2016.0.109/linux/ipp/lib/intel64" "-L/opt/intel/compilers_and_libraries_2016.0.109/linux/compiler/lib/intel64" "-L/opt/intel/compilers_and_libraries_2016.0.109/linux/mkl/lib/intel64" "-L/opt/intel/compilers_and_libraries_2016.0.109/linux/tbb/lib/intel64/gcc4.4" "-L/opt/intel/compilers_and_libraries_2016.0.109/linux/daal/lib/intel64_lin" "-L/opt/intel/compilers_and_libraries_2016.0.109/linux/daal/../tbb/lib/intel64_lin/gcc4.4" "-L/opt/intel/compilers_and_libraries_2016.0.109/linux/daal/../compiler/lib/intel64_lin" "-L/opt/intel/compilers_and_libraries_2016.0.109/linux/compiler/lib/intel64_lin" "-L/usr/lib/gcc/x86_64-redhat-linux/4.4.7/" "-L/usr/lib/gcc/x86_64-redhat-linux/4.4.7/../../../../lib64" "-L/usr/lib/gcc/x86_64-redhat-linux/4.4.7/../../../../lib64/" "-L/lib/../lib64" "-L/lib/../lib64/" "-L/usr/lib/../lib64" "-L/usr/lib/../lib64/" "-L/opt/intel/compilers_and_libraries_2016.0.109/linux/ipp/../compiler/lib/intel64/" "-L/opt/intel/compilers_and_libraries_2016.0.109/linux/ipp/lib/intel64/" "-L/opt/intel/compilers_and_libraries_2016.0.109/linux/compiler/lib/intel64/" "-L/opt/intel/compilers_and_libraries_2016.0.109/linux/mkl/lib/intel64/" "-L/opt/intel/compilers_and_libraries_2016.0.109/linux/tbb/lib/intel64/gcc4.4/" "-L/opt/intel/compilers_and_libraries_2016.0.109/linux/daal/lib/intel64_lin/" "-L/opt/intel/compilers_and_libraries_2016.0.109/linux/daal/../tbb/lib/intel64_lin/gcc4.4/" "-L/opt/intel/compilers_and_libraries_2016.0.109/linux/daal/../compiler/lib/intel64_lin/" "-L/usr/lib/gcc/x86_64-redhat-linux/4.4.7/../../../" "-L/lib64" "-L/lib/" "-L/usr/lib64" "-L/usr/lib" "CMakeFiles/cmTryCompileExec3563564097.dir/CMakeCCompilerABI.c.o" "-Bdynamic" "-Bstatic" "-limf" "-lsvml" "-lirng" "-Bdynamic" "-lm" "-Bstatic" "-lipgo" "-ldecimal" "--as-needed" "-Bdynamic" "-lcilkrts" "-lstdc++" "--no-as-needed" "-lgcc" "-lgcc_s" "-Bstatic" "-lirc" "-lsvml" "-Bdynamic" "-lc" "-lgcc" "-lgcc_s" "-Bstatic" "-lirc_s" "-Bdynamic" "-ldl" "-lc" "/usr/lib/gcc/x86_64-redhat-linux/4.4.7/crtend.o" "/usr/lib/gcc/x86_64-redhat-linux/4.4.7/../../../../lib64/crtn.o"" -mIPOPT_il_in_obj -mIPOPT_ipo_activate_warn=FALSE -mIPOPT_obj_output_file_name=/tmp/ipo_iccUlhskf.o -mIPOPT_whole_archive_fixup_file_name=/tmp/iccwarchLxXaJq -mGLOB_linker_version=2.20.51.0.2 -mGLOB_long_size_64 -mGLOB_routine_pointer_size_64 -mGLOB_driver_tempfile_name=/tmp/icctempfileWGfrzh -mP3OPT_asm_target=P3OPT_ASM_TARGET_GAS -mGLOB_async_unwind_tables=TRUE -mGLOB_obj_output_file=/tmp/ipo_iccUlhskf.o -mGLOB_source_dialect=GLOB_SOURCE_DIALECT_NONE -mP1OPT_source_file_name=ipo_out.c CMakeFiles/cmTryCompileExec3563564097.dir/CMakeCCompilerABI.c.o -mIPOPT_object_files=T -mIPOPT_assembly_files=/tmp/iccalisMu4gVW -mIPOPT_generated_tempfiles=/tmp/iccelisHq2GIN -mIPOPT_embedded_object_base_name=/tmp/icceobjiwe7vE -mIPOPT_cmdline_link_new_name=/tmp/iccllisZAGxjv]
  link line: [ld    /usr/lib/gcc/x86_64-redhat-linux/4.4.7/../../../../lib64/crt1.o /usr/lib/gcc/x86_64-redhat-linux/4.4.7/../../../../lib64/crti.o /usr/lib/gcc/x86_64-redhat-linux/4.4.7/crtbegin.o -export-dynamic --eh-frame-hdr --build-id -dynamic-linker /lib64/ld-linux-x86-64.so.2 -m elf_x86_64 -o cmTryCompileExec3563564097 -L/opt/intel/compilers_and_libraries_2016.0.109/linux/ipp/../compiler/lib/intel64 -L/opt/intel/compilers_and_libraries_2016.0.109/linux/ipp/lib/intel64 -L/opt/intel/compilers_and_libraries_2016.0.109/linux/compiler/lib/intel64 -L/opt/intel/compilers_and_libraries_2016.0.109/linux/mkl/lib/intel64 -L/opt/intel/compilers_and_libraries_2016.0.109/linux/tbb/lib/intel64/gcc4.4 -L/opt/intel/compilers_and_libraries_2016.0.109/linux/daal/lib/intel64_lin -L/opt/intel/compilers_and_libraries_2016.0.109/linux/daal/../tbb/lib/intel64_lin/gcc4.4 -L/opt/intel/compilers_and_libraries_2016.0.109/linux/daal/../compiler/lib/intel64_lin -L/opt/intel/compilers_and_libraries_2016.0.109/linux/compiler/lib/intel64_lin -L/usr/lib/gcc/x86_64-redhat-linux/4.4.7/ -L/usr/lib/gcc/x86_64-redhat-linux/4.4.7/../../../../lib64 -L/usr/lib/gcc/x86_64-redhat-linux/4.4.7/../../../../lib64/ -L/lib/../lib64 -L/lib/../lib64/ -L/usr/lib/../lib64 -L/usr/lib/../lib64/ -L/opt/intel/compilers_and_libraries_2016.0.109/linux/ipp/../compiler/lib/intel64/ -L/opt/intel/compilers_and_libraries_2016.0.109/linux/ipp/lib/intel64/ -L/opt/intel/compilers_and_libraries_2016.0.109/linux/compiler/lib/intel64/ -L/opt/intel/compilers_and_libraries_2016.0.109/linux/mkl/lib/intel64/ -L/opt/intel/compilers_and_libraries_2016.0.109/linux/tbb/lib/intel64/gcc4.4/ -L/opt/intel/compilers_and_libraries_2016.0.109/linux/daal/lib/intel64_lin/ -L/opt/intel/compilers_and_libraries_2016.0.109/linux/daal/../tbb/lib/intel64_lin/gcc4.4/ -L/opt/intel/compilers_and_libraries_2016.0.109/linux/daal/../compiler/lib/intel64_lin/ -L/usr/lib/gcc/x86_64-redhat-linux/4.4.7/../../../ -L/lib64 -L/lib/ -L/usr/lib64 -L/usr/lib CMakeFiles/cmTryCompileExec3563564097.dir/CMakeCCompilerABI.c.o -Bdynamic -Bstatic -limf -lsvml -lirng -Bdynamic -lm -Bstatic -lipgo -ldecimal --as-needed -Bdynamic -lcilkrts -lstdc++ --no-as-needed -lgcc -lgcc_s -Bstatic -lirc -lsvml -Bdynamic -lc -lgcc -lgcc_s -Bstatic -lirc_s -Bdynamic -ldl -lc /usr/lib/gcc/x86_64-redhat-linux/4.4.7/crtend.o /usr/lib/gcc/x86_64-redhat-linux/4.4.7/../../../../lib64/crtn.o]
    arg [ld] ==> ignore
    arg [/usr/lib/gcc/x86_64-redhat-linux/4.4.7/../../../../lib64/crt1.o] ==> ignore
    arg [/usr/lib/gcc/x86_64-redhat-linux/4.4.7/../../../../lib64/crti.o] ==> ignore
    arg [/usr/lib/gcc/x86_64-redhat-linux/4.4.7/crtbegin.o] ==> ignore
    arg [-export-dynamic] ==> ignore
    arg [--eh-frame-hdr] ==> ignore
    arg [--build-id] ==> ignore
    arg [-dynamic-linker] ==> ignore
    arg [/lib64/ld-linux-x86-64.so.2] ==> ignore
    arg [-m] ==> ignore
    arg [elf_x86_64] ==> ignore
    arg [-o] ==> ignore
    arg [cmTryCompileExec3563564097] ==> ignore
    arg [-L/opt/intel/compilers_and_libraries_2016.0.109/linux/ipp/../compiler/lib/intel64] ==> dir [/opt/intel/compilers_and_libraries_2016.0.109/linux/ipp/../compiler/lib/intel64]
    arg [-L/opt/intel/compilers_and_libraries_2016.0.109/linux/ipp/lib/intel64] ==> dir [/opt/intel/compilers_and_libraries_2016.0.109/linux/ipp/lib/intel64]
    arg [-L/opt/intel/compilers_and_libraries_2016.0.109/linux/compiler/lib/intel64] ==> dir [/opt/intel/compilers_and_libraries_2016.0.109/linux/compiler/lib/intel64]
    arg [-L/opt/intel/compilers_and_libraries_2016.0.109/linux/mkl/lib/intel64] ==> dir [/opt/intel/compilers_and_libraries_2016.0.109/linux/mkl/lib/intel64]
    arg [-L/opt/intel/compilers_and_libraries_2016.0.109/linux/tbb/lib/intel64/gcc4.4] ==> dir [/opt/intel/compilers_and_libraries_2016.0.109/linux/tbb/lib/intel64/gcc4.4]
    arg [-L/opt/intel/compilers_and_libraries_2016.0.109/linux/daal/lib/intel64_lin] ==> dir [/opt/intel/compilers_and_libraries_2016.0.109/linux/daal/lib/intel64_lin]
    arg [-L/opt/intel/compilers_and_libraries_2016.0.109/linux/daal/../tbb/lib/intel64_lin/gcc4.4] ==> dir [/opt/intel/compilers_and_libraries_2016.0.109/linux/daal/../tbb/lib/intel64_lin/gcc4.4]
    arg [-L/opt/intel/compilers_and_libraries_2016.0.109/linux/daal/../compiler/lib/intel64_lin] ==> dir [/opt/intel/compilers_and_libraries_2016.0.109/linux/daal/../compiler/lib/intel64_lin]
    arg [-L/opt/intel/compilers_and_libraries_2016.0.109/linux/compiler/lib/intel64_lin] ==> dir [/opt/intel/compilers_and_libraries_2016.0.109/linux/compiler/lib/intel64_lin]
    arg [-L/usr/lib/gcc/x86_64-redhat-linux/4.4.7/] ==> dir [/usr/lib/gcc/x86_64-redhat-linux/4.4.7/]
    arg [-L/usr/lib/gcc/x86_64-redhat-linux/4.4.7/../../../../lib64] ==> dir [/usr/lib/gcc/x86_64-redhat-linux/4.4.7/../../../../lib64]
    arg [-L/usr/lib/gcc/x86_64-redhat-linux/4.4.7/../../../../lib64/] ==> dir [/usr/lib/gcc/x86_64-redhat-linux/4.4.7/../../../../lib64/]
    arg [-L/lib/../lib64] ==> dir [/lib/../lib64]
    arg [-L/lib/../lib64/] ==> dir [/lib/../lib64/]
    arg [-L/usr/lib/../lib64] ==> dir [/usr/lib/../lib64]
    arg [-L/usr/lib/../lib64/] ==> dir [/usr/lib/../lib64/]
    arg [-L/opt/intel/compilers_and_libraries_2016.0.109/linux/ipp/../compiler/lib/intel64/] ==> dir [/opt/intel/compilers_and_libraries_2016.0.109/linux/ipp/../compiler/lib/intel64/]
    arg [-L/opt/intel/compilers_and_libraries_2016.0.109/linux/ipp/lib/intel64/] ==> dir [/opt/intel/compilers_and_libraries_2016.0.109/linux/ipp/lib/intel64/]
    arg [-L/opt/intel/compilers_and_libraries_2016.0.109/linux/compiler/lib/intel64/] ==> dir [/opt/intel/compilers_and_libraries_2016.0.109/linux/compiler/lib/intel64/]
    arg [-L/opt/intel/compilers_and_libraries_2016.0.109/linux/mkl/lib/intel64/] ==> dir [/opt/intel/compilers_and_libraries_2016.0.109/linux/mkl/lib/intel64/]
    arg [-L/opt/intel/compilers_and_libraries_2016.0.109/linux/tbb/lib/intel64/gcc4.4/] ==> dir [/opt/intel/compilers_and_libraries_2016.0.109/linux/tbb/lib/intel64/gcc4.4/]
    arg [-L/opt/intel/compilers_and_libraries_2016.0.109/linux/daal/lib/intel64_lin/] ==> dir [/opt/intel/compilers_and_libraries_2016.0.109/linux/daal/lib/intel64_lin/]
    arg [-L/opt/intel/compilers_and_libraries_2016.0.109/linux/daal/../tbb/lib/intel64_lin/gcc4.4/] ==> dir [/opt/intel/compilers_and_libraries_2016.0.109/linux/daal/../tbb/lib/intel64_lin/gcc4.4/]
    arg [-L/opt/intel/compilers_and_libraries_2016.0.109/linux/daal/../compiler/lib/intel64_lin/] ==> dir [/opt/intel/compilers_and_libraries_2016.0.109/linux/daal/../compiler/lib/intel64_lin/]
    arg [-L/usr/lib/gcc/x86_64-redhat-linux/4.4.7/../../../] ==> dir [/usr/lib/gcc/x86_64-redhat-linux/4.4.7/../../../]
    arg [-L/lib64] ==> dir [/lib64]
    arg [-L/lib/] ==> dir [/lib/]
    arg [-L/usr/lib64] ==> dir [/usr/lib64]
    arg [-L/usr/lib] ==> dir [/usr/lib]
    arg [CMakeFiles/cmTryCompileExec3563564097.dir/CMakeCCompilerABI.c.o] ==> ignore
    arg [-Bdynamic] ==> ignore
    arg [-Bstatic] ==> ignore
    arg [-limf] ==> lib [imf]
    arg [-lsvml] ==> lib [svml]
    arg [-lirng] ==> lib [irng]
    arg [-Bdynamic] ==> ignore
    arg [-lm] ==> lib [m]
    arg [-Bstatic] ==> ignore
    arg [-lipgo] ==> lib [ipgo]
    arg [-ldecimal] ==> lib [decimal]
    arg [--as-needed] ==> ignore
    arg [-Bdynamic] ==> ignore
    arg [-lcilkrts] ==> lib [cilkrts]
    arg [-lstdc++] ==> lib [stdc++]
    arg [--no-as-needed] ==> ignore
    arg [-lgcc] ==> lib [gcc]
    arg [-lgcc_s] ==> lib [gcc_s]
    arg [-Bstatic] ==> ignore
    arg [-lirc] ==> lib [irc]
    arg [-lsvml] ==> lib [svml]
    arg [-Bdynamic] ==> ignore
    arg [-lc] ==> lib [c]
    arg [-lgcc] ==> lib [gcc]
    arg [-lgcc_s] ==> lib [gcc_s]
    arg [-Bstatic] ==> ignore
    arg [-lirc_s] ==> lib [irc_s]
    arg [-Bdynamic] ==> ignore
    arg [-ldl] ==> lib [dl]
    arg [-lc] ==> lib [c]
    arg [/usr/lib/gcc/x86_64-redhat-linux/4.4.7/crtend.o] ==> ignore
    arg [/usr/lib/gcc/x86_64-redhat-linux/4.4.7/../../../../lib64/crtn.o] ==> ignore
  remove lib [gcc]
  remove lib [gcc_s]
  remove lib [gcc]
  remove lib [gcc_s]
  collapse library dir [/opt/intel/compilers_and_libraries_2016.0.109/linux/ipp/../compiler/lib/intel64] ==> [/opt/intel/compilers_and_libraries_2016.0.109/linux/compiler/lib/intel64]
  collapse library dir [/opt/intel/compilers_and_libraries_2016.0.109/linux/ipp/lib/intel64] ==> [/opt/intel/compilers_and_libraries_2016.0.109/linux/ipp/lib/intel64]
  collapse library dir [/opt/intel/compilers_and_libraries_2016.0.109/linux/compiler/lib/intel64] ==> [/opt/intel/compilers_and_libraries_2016.0.109/linux/compiler/lib/intel64]
  collapse library dir [/opt/intel/compilers_and_libraries_2016.0.109/linux/mkl/lib/intel64] ==> [/opt/intel/compilers_and_libraries_2016.0.109/linux/mkl/lib/intel64]
  collapse library dir [/opt/intel/compilers_and_libraries_2016.0.109/linux/tbb/lib/intel64/gcc4.4] ==> [/opt/intel/compilers_and_libraries_2016.0.109/linux/tbb/lib/intel64/gcc4.4]
  collapse library dir [/opt/intel/compilers_and_libraries_2016.0.109/linux/daal/lib/intel64_lin] ==> [/opt/intel/compilers_and_libraries_2016.0.109/linux/daal/lib/intel64_lin]
  collapse library dir [/opt/intel/compilers_and_libraries_2016.0.109/linux/daal/../tbb/lib/intel64_lin/gcc4.4] ==> [/opt/intel/compilers_and_libraries_2016.0.109/linux/tbb/lib/intel64_lin/gcc4.4]
  collapse library dir [/opt/intel/compilers_and_libraries_2016.0.109/linux/daal/../compiler/lib/intel64_lin] ==> [/opt/intel/compilers_and_libraries_2016.0.109/linux/compiler/lib/intel64_lin]
  collapse library dir [/opt/intel/compilers_and_libraries_2016.0.109/linux/compiler/lib/intel64_lin] ==> [/opt/intel/compilers_and_libraries_2016.0.109/linux/compiler/lib/intel64_lin]
  collapse library dir [/usr/lib/gcc/x86_64-redhat-linux/4.4.7/] ==> [/usr/lib/gcc/x86_64-redhat-linux/4.4.7]
  collapse library dir [/usr/lib/gcc/x86_64-redhat-linux/4.4.7/../../../../lib64] ==> [/usr/lib64]
  collapse library dir [/usr/lib/gcc/x86_64-redhat-linux/4.4.7/../../../../lib64/] ==> [/usr/lib64]
  collapse library dir [/lib/../lib64] ==> [/lib64]
  collapse library dir [/lib/../lib64/] ==> [/lib64]
  collapse library dir [/usr/lib/../lib64] ==> [/usr/lib64]
  collapse library dir [/usr/lib/../lib64/] ==> [/usr/lib64]
  collapse library dir [/opt/intel/compilers_and_libraries_2016.0.109/linux/ipp/../compiler/lib/intel64/] ==> [/opt/intel/compilers_and_libraries_2016.0.109/linux/compiler/lib/intel64]
  collapse library dir [/opt/intel/compilers_and_libraries_2016.0.109/linux/ipp/lib/intel64/] ==> [/opt/intel/compilers_and_libraries_2016.0.109/linux/ipp/lib/intel64]
  collapse library dir [/opt/intel/compilers_and_libraries_2016.0.109/linux/compiler/lib/intel64/] ==> [/opt/intel/compilers_and_libraries_2016.0.109/linux/compiler/lib/intel64]
  collapse library dir [/opt/intel/compilers_and_libraries_2016.0.109/linux/mkl/lib/intel64/] ==> [/opt/intel/compilers_and_libraries_2016.0.109/linux/mkl/lib/intel64]
  collapse library dir [/opt/intel/compilers_and_libraries_2016.0.109/linux/tbb/lib/intel64/gcc4.4/] ==> [/opt/intel/compilers_and_libraries_2016.0.109/linux/tbb/lib/intel64/gcc4.4]
  collapse library dir [/opt/intel/compilers_and_libraries_2016.0.109/linux/daal/lib/intel64_lin/] ==> [/opt/intel/compilers_and_libraries_2016.0.109/linux/daal/lib/intel64_lin]
  collapse library dir [/opt/intel/compilers_and_libraries_2016.0.109/linux/daal/../tbb/lib/intel64_lin/gcc4.4/] ==> [/opt/intel/compilers_and_libraries_2016.0.109/linux/tbb/lib/intel64_lin/gcc4.4]
  collapse library dir [/opt/intel/compilers_and_libraries_2016.0.109/linux/daal/../compiler/lib/intel64_lin/] ==> [/opt/intel/compilers_and_libraries_2016.0.109/linux/compiler/lib/intel64_lin]
  collapse library dir [/usr/lib/gcc/x86_64-redhat-linux/4.4.7/../../../] ==> [/usr/lib]
  collapse library dir [/lib64] ==> [/lib64]
  collapse library dir [/lib/] ==> [/lib]
  collapse library dir [/usr/lib64] ==> [/usr/lib64]
  collapse library dir [/usr/lib] ==> [/usr/lib]
  implicit libs: [imf;svml;irng;m;ipgo;decimal;cilkrts;stdc++;irc;svml;c;irc_s;dl;c]
  implicit dirs: [/opt/intel/compilers_and_libraries_2016.0.109/linux/compiler/lib/intel64;/opt/intel/compilers_and_libraries_2016.0.109/linux/ipp/lib/intel64;/opt/intel/compilers_and_libraries_2016.0.109/linux/mkl/lib/intel64;/opt/intel/compilers_and_libraries_2016.0.109/linux/tbb/lib/intel64/gcc4.4;/opt/intel/compilers_and_libraries_2016.0.109/linux/daal/lib/intel64_lin;/opt/intel/compilers_and_libraries_2016.0.109/linux/tbb/lib/intel64_lin/gcc4.4;/opt/intel/compilers_and_libraries_2016.0.109/linux/compiler/lib/intel64_lin;/usr/lib/gcc/x86_64-redhat-linux/4.4.7;/usr/lib64;/lib64;/usr/lib;/lib]
  implicit fwks: []


Determining if the CXX compiler works passed with the following output:
Change Dir: //home/jlin29/Desktop/L09/build/CMakeFiles/CMakeTmp

Run Build Command:/usr/bin/gmake "cmTryCompileExec260942928/fast"
gmake: Warning: File `Makefile' has modification time 0.025 s in the future
/usr/bin/gmake -f CMakeFiles/cmTryCompileExec260942928.dir/build.make CMakeFiles/cmTryCompileExec260942928.dir/build
gmake[1]: Entering directory `/home/jlin29/Desktop/L09/build/CMakeFiles/CMakeTmp'
gmake[1]: Warning: File `CMakeFiles/cmTryCompileExec260942928.dir/flags.make' has modification time 0.0046 s in the future
/usr/bin/cmake -E cmake_progress_report //home/jlin29/Desktop/L09/build/CMakeFiles/CMakeTmp/CMakeFiles 1
Building CXX object CMakeFiles/cmTryCompileExec260942928.dir/testCXXCompiler.cxx.o
/opt/intel/compilers_and_libraries_2016.0.109/linux/bin/intel64/icpc     -o CMakeFiles/cmTryCompileExec260942928.dir/testCXXCompiler.cxx.o -c //home/jlin29/Desktop/L09/build/CMakeFiles/CMakeTmp/testCXXCompiler.cxx
Linking CXX executable cmTryCompileExec260942928
/usr/bin/cmake -E cmake_link_script CMakeFiles/cmTryCompileExec260942928.dir/link.txt --verbose=1
/opt/intel/compilers_and_libraries_2016.0.109/linux/bin/intel64/icpc        CMakeFiles/cmTryCompileExec260942928.dir/testCXXCompiler.cxx.o  -o cmTryCompileExec260942928 -rdynamic 
gmake[1]: warning:  Clock skew detected.  Your build may be incomplete.
gmake[1]: Leaving directory `/home/jlin29/Desktop/L09/build/CMakeFiles/CMakeTmp'
gmake: warning:  Clock skew detected.  Your build may be incomplete.


Detecting CXX compiler ABI info compiled with the following output:
Change Dir: //home/jlin29/Desktop/L09/build/CMakeFiles/CMakeTmp

Run Build Command:/usr/bin/gmake "cmTryCompileExec2059763245/fast"
gmake: Warning: File `Makefile' has modification time 0.019 s in the future
/usr/bin/gmake -f CMakeFiles/cmTryCompileExec2059763245.dir/build.make CMakeFiles/cmTryCompileExec2059763245.dir/build
gmake[1]: Entering directory `/home/jlin29/Desktop/L09/build/CMakeFiles/CMakeTmp'
gmake[1]: Warning: File `CMakeFiles/cmTryCompileExec2059763245.dir/progress.make' has modification time 0.044 s in the future
/usr/bin/cmake -E cmake_progress_report //home/jlin29/Desktop/L09/build/CMakeFiles/CMakeTmp/CMakeFiles 1
Building CXX object CMakeFiles/cmTryCompileExec2059763245.dir/CMakeCXXCompilerABI.cpp.o
/opt/intel/compilers_and_libraries_2016.0.109/linux/bin/intel64/icpc     -o CMakeFiles/cmTryCompileExec2059763245.dir/CMakeCXXCompilerABI.cpp.o -c /usr/share/cmake/Modules/CMakeCXXCompilerABI.cpp
Linking CXX executable cmTryCompileExec2059763245
/usr/bin/cmake -E cmake_link_script CMakeFiles/cmTryCompileExec2059763245.dir/link.txt --verbose=1
/opt/intel/compilers_and_libraries_2016.0.109/linux/bin/intel64/icpc      -v CMakeFiles/cmTryCompileExec2059763245.dir/CMakeCXXCompilerABI.cpp.o  -o cmTryCompileExec2059763245 -rdynamic  
icpc version 16.0.0 (gcc version 4.4.7 compatibility)
/opt/intel/compilers_and_libraries_2016.0.109/linux/bin/intel64/mcpcom    -mGLOB_em64t=TRUE -mP1OPT_version=16.0-intel64 -mGLOB_diag_file=CMakeFiles/cmTryCompileExec2059763245.dir/CMakeCXXCompilerABI.cpp.diag -mP1OPT_print_version=FALSE -mCG_use_gas_got_workaround=F -mP2OPT_align_option_used=TRUE -mGLOB_gcc_version=447 "-mGLOB_options_string=-v -o cmTryCompileExec2059763245 -rdynamic" -mGLOB_cxx_limited_range=FALSE -mCG_extend_parms=FALSE -mGLOB_compiler_bin_directory=/opt/intel/compilers_and_libraries_2016.0.109/linux/bin/intel64 -mGLOB_as_output_backup_file_name=/tmp/icpcd9m04fas_.s -mGLOB_dashboard_use_source_name -mIPOPT_activate -mGLOB_product_id_code=0x22006d8e -mP3OPT_use_mspp_call_convention -mP2OPT_subs_out_of_bound=FALSE -mP2OPT_disam_type_based_disam=2 -mP2OPT_disam_assume_ansi_c -mP2OPT_checked_disam_ansi_alias=TRUE -mGLOB_ansi_alias -mPGOPTI_value_profile_use=T -mGLOB_opt_report_use_source_name -mP2OPT_il0_array_sections=TRUE -mGLOB_offload_mode=1 -mP2OPT_offload_unique_var_string=icpc010302092607PQVghQ -mP2OPT_hlo -mP2OPT_hpo_rtt_control=0 -mIPOPT_args_in_regs=0 -mP2OPT_disam_assume_nonstd_intent_in=FALSE -mGLOB_imf_mapping_library=/opt/intel/compilers_and_libraries_2016.0.109/linux/bin/intel64/libiml_attr.so -mPGOPTI_gen_threadsafe_level=0 -mIPOPT_link -mIPOPT_ipo_activate -mIPOPT_mo_activate -mIPOPT_source_files_list=/tmp/icpcslisrUPPgz -mIPOPT_mo_global_data -mIPOPT_link_script_file=/tmp/icpcscripteTf8Rs "-mIPOPT_cmdline_link="/usr/lib/gcc/x86_64-redhat-linux/4.4.7/../../../../lib64/crt1.o" "/usr/lib/gcc/x86_64-redhat-linux/4.4.7/../../../../lib64/crti.o" "/usr/lib/gcc/x86_64-redhat-linux/4.4.7/crtbegin.o" "-export-dynamic" "--eh-frame-hdr" "--build-id" "-dynamic-linker" "/lib64/ld-linux-x86-64.so.2" "-m" "elf_x86_64" "-o" "cmTryCompileExec2059763245" "-L/opt/intel/compilers_and_libraries_2016.0.109/linux/ipp/../compiler/lib/intel64" "-L/opt/intel/compilers_and_libraries_2016.0.109/linux/ipp/lib/intel64" "-L/opt/intel/compilers_and_libraries_2016.0.109/linux/compiler/lib/intel64" "-L/opt/intel/compilers_and_libraries_2016.0.109/linux/mkl/lib/intel64" "-L/opt/intel/compilers_and_libraries_2016.0.109/linux/tbb/lib/intel64/gcc4.4" "-L/opt/intel/compilers_and_libraries_2016.0.109/linux/daal/lib/intel64_lin" "-L/opt/intel/compilers_and_libraries_2016.0.109/linux/daal/../tbb/lib/intel64_lin/gcc4.4" "-L/opt/intel/compilers_and_libraries_2016.0.109/linux/daal/../compiler/lib/intel64_lin" "-L/opt/intel/compilers_and_libraries_2016.0.109/linux/compiler/lib/intel64_lin" "-L/usr/lib/gcc/x86_64-redhat-linux/4.4.7/" "-L/usr/lib/gcc/x86_64-redhat-linux/4.4.7/../../../../lib64" "-L/usr/lib/gcc/x86_64-redhat-linux/4.4.7/../../../../lib64/" "-L/lib/../lib64" "-L/lib/../lib64/" "-L/usr/lib/../lib64" "-L/usr/lib/../lib64/" "-L/opt/intel/compilers_and_libraries_2016.0.109/linux/ipp/../compiler/lib/intel64/" "-L/opt/intel/compilers_and_libraries_2016.0.109/linux/ipp/lib/intel64/" "-L/opt/intel/compilers_and_libraries_2016.0.109/linux/compiler/lib/intel64/" "-L/opt/intel/compilers_and_libraries_2016.0.109/linux/mkl/lib/intel64/" "-L/opt/intel/compilers_and_libraries_2016.0.109/linux/tbb/lib/intel64/gcc4.4/" "-L/opt/intel/compilers_and_libraries_2016.0.109/linux/daal/lib/intel64_lin/" "-L/opt/intel/compilers_and_libraries_2016.0.109/linux/daal/../tbb/lib/intel64_lin/gcc4.4/" "-L/opt/intel/compilers_and_libraries_2016.0.109/linux/daal/../compiler/lib/intel64_lin/" "-L/usr/lib/gcc/x86_64-redhat-linux/4.4.7/../../../" "-L/lib64" "-L/lib/" "-L/usr/lib64" "-L/usr/lib" "CMakeFiles/cmTryCompileExec2059763245.dir/CMakeCXXCompilerABI.cpp.o" "-Bdynamic" "-Bstatic" "-limf" "-lsvml" "-lirng" "-Bdynamic" "-lm" "-Bstatic" "-lipgo" "-ldecimal" "--as-needed" "-Bdynamic" "-lcilkrts" "--no-as-needed" "-lstdc++" "-lgcc" "-lgcc_s" "-Bstatic" "-lirc" "-lsvml" "-Bdynamic" "-lc" "-lgcc" "-lgcc_s" "-Bstatic" "-lirc_s" "-Bdynamic" "-ldl" "-lc" "/usr/lib/gcc/x86_64-redhat-linux/4.4.7/crtend.o" "/usr/lib/gcc/x86_64-redhat-linux/4.4.7/../../../../lib64/crtn.o"" -mIPOPT_il_in_obj -mIPOPT_ipo_activate_warn=FALSE -mIPOPT_obj_output_file_name=/tmp/ipo_icpcBQxaFb.o -mIPOPT_whole_archive_fixup_file_name=/tmp/icpcwarchc5OPle -mGLOB_linker_version=2.20.51.0.2 -mGLOB_long_size_64 -mGLOB_routine_pointer_size_64 -mGLOB_driver_tempfile_name=/tmp/icpctempfileNZW3Z7 -mP3OPT_asm_target=P3OPT_ASM_TARGET_GAS -mGLOB_async_unwind_tables=TRUE -mGLOB_obj_output_file=/tmp/ipo_icpcBQxaFb.o -mGLOB_source_dialect=GLOB_SOURCE_DIALECT_NONE -mP1OPT_source_file_name=ipo_out.c CMakeFiles/cmTryCompileExec2059763245.dir/CMakeCXXCompilerABI.cpp.o -mIPOPT_object_files=T -mIPOPT_assembly_files=/tmp/icpcalistRDHRY -mIPOPT_generated_tempfiles=/tmp/icpcelisu7OYsS -mIPOPT_embedded_object_base_name=/tmp/icpceobjz5eg4L -mIPOPT_cmdline_link_new_name=/tmp/icpclliskNVxFF
ld    /usr/lib/gcc/x86_64-redhat-linux/4.4.7/../../../../lib64/crt1.o /usr/lib/gcc/x86_64-redhat-linux/4.4.7/../../../../lib64/crti.o /usr/lib/gcc/x86_64-redhat-linux/4.4.7/crtbegin.o -export-dynamic --eh-frame-hdr --build-id -dynamic-linker /lib64/ld-linux-x86-64.so.2 -m elf_x86_64 -o cmTryCompileExec2059763245 -L/opt/intel/compilers_and_libraries_2016.0.109/linux/ipp/../compiler/lib/intel64 -L/opt/intel/compilers_and_libraries_2016.0.109/linux/ipp/lib/intel64 -L/opt/intel/compilers_and_libraries_2016.0.109/linux/compiler/lib/intel64 -L/opt/intel/compilers_and_libraries_2016.0.109/linux/mkl/lib/intel64 -L/opt/intel/compilers_and_libraries_2016.0.109/linux/tbb/lib/intel64/gcc4.4 -L/opt/intel/compilers_and_libraries_2016.0.109/linux/daal/lib/intel64_lin -L/opt/intel/compilers_and_libraries_2016.0.109/linux/daal/../tbb/lib/intel64_lin/gcc4.4 -L/opt/intel/compilers_and_libraries_2016.0.109/linux/daal/../compiler/lib/intel64_lin -L/opt/intel/compilers_and_libraries_2016.0.109/linux/compiler/lib/intel64_lin -L/usr/lib/gcc/x86_64-redhat-linux/4.4.7/ -L/usr/lib/gcc/x86_64-redhat-linux/4.4.7/../../../../lib64 -L/usr/lib/gcc/x86_64-redhat-linux/4.4.7/../../../../lib64/ -L/lib/../lib64 -L/lib/../lib64/ -L/usr/lib/../lib64 -L/usr/lib/../lib64/ -L/opt/intel/compilers_and_libraries_2016.0.109/linux/ipp/../compiler/lib/intel64/ -L/opt/intel/compilers_and_libraries_2016.0.109/linux/ipp/lib/intel64/ -L/opt/intel/compilers_and_libraries_2016.0.109/linux/compiler/lib/intel64/ -L/opt/intel/compilers_and_libraries_2016.0.109/linux/mkl/lib/intel64/ -L/opt/intel/compilers_and_libraries_2016.0.109/linux/tbb/lib/intel64/gcc4.4/ -L/opt/intel/compilers_and_libraries_2016.0.109/linux/daal/lib/intel64_lin/ -L/opt/intel/compilers_and_libraries_2016.0.109/linux/daal/../tbb/lib/intel64_lin/gcc4.4/ -L/opt/intel/compilers_and_libraries_2016.0.109/linux/daal/../compiler/lib/intel64_lin/ -L/usr/lib/gcc/x86_64-redhat-linux/4.4.7/../../../ -L/lib64 -L/lib/ -L/usr/lib64 -L/usr/lib CMakeFiles/cmTryCompileExec2059763245.dir/CMakeCXXCompilerABI.cpp.o -Bdynamic -Bstatic -limf -lsvml -lirng -Bdynamic -lm -Bstatic -lipgo -ldecimal --as-needed -Bdynamic -lcilkrts --no-as-needed -lstdc++ -lgcc -lgcc_s -Bstatic -lirc -lsvml -Bdynamic -lc -lgcc -lgcc_s -Bstatic -lirc_s -Bdynamic -ldl -lc /usr/lib/gcc/x86_64-redhat-linux/4.4.7/crtend.o /usr/lib/gcc/x86_64-redhat-linux/4.4.7/../../../../lib64/crtn.o
gmake[1]: warning:  Clock skew detected.  Your build may be incomplete.
gmake[1]: Leaving directory `/home/jlin29/Desktop/L09/build/CMakeFiles/CMakeTmp'
gmake: warning:  Clock skew detected.  Your build may be incomplete.


Parsed CXX implicit link information from above output:
  link line regex: [^( *|.*[/\])(ld|([^/\]+-)?ld|collect2)[^/\]*( |$)]
  ignore line: [Change Dir: //home/jlin29/Desktop/L09/build/CMakeFiles/CMakeTmp]
  ignore line: []
  ignore line: [Run Build Command:/usr/bin/gmake "cmTryCompileExec2059763245/fast"]
  ignore line: [gmake: Warning: File `Makefile' has modification time 0.019 s in the future]
  ignore line: [/usr/bin/gmake -f CMakeFiles/cmTryCompileExec2059763245.dir/build.make CMakeFiles/cmTryCompileExec2059763245.dir/build]
  ignore line: [gmake[1]: Entering directory `/home/jlin29/Desktop/L09/build/CMakeFiles/CMakeTmp']
  ignore line: [gmake[1]: Warning: File `CMakeFiles/cmTryCompileExec2059763245.dir/progress.make' has modification time 0.044 s in the future]
  ignore line: [/usr/bin/cmake -E cmake_progress_report //home/jlin29/Desktop/L09/build/CMakeFiles/CMakeTmp/CMakeFiles 1]
  ignore line: [Building CXX object CMakeFiles/cmTryCompileExec2059763245.dir/CMakeCXXCompilerABI.cpp.o]
  ignore line: [/opt/intel/compilers_and_libraries_2016.0.109/linux/bin/intel64/icpc     -o CMakeFiles/cmTryCompileExec2059763245.dir/CMakeCXXCompilerABI.cpp.o -c /usr/share/cmake/Modules/CMakeCXXCompilerABI.cpp]
  ignore line: [Linking CXX executable cmTryCompileExec2059763245]
  ignore line: [/usr/bin/cmake -E cmake_link_script CMakeFiles/cmTryCompileExec2059763245.dir/link.txt --verbose=1]
  ignore line: [/opt/intel/compilers_and_libraries_2016.0.109/linux/bin/intel64/icpc      -v CMakeFiles/cmTryCompileExec2059763245.dir/CMakeCXXCompilerABI.cpp.o  -o cmTryCompileExec2059763245 -rdynamic  ]
  ignore line: [icpc version 16.0.0 (gcc version 4.4.7 compatibility)]
  ignore line: [/opt/intel/compilers_and_libraries_2016.0.109/linux/bin/intel64/mcpcom    -mGLOB_em64t=TRUE -mP1OPT_version=16.0-intel64 -mGLOB_diag_file=CMakeFiles/cmTryCompileExec2059763245.dir/CMakeCXXCompilerABI.cpp.diag -mP1OPT_print_version=FALSE -mCG_use_gas_got_workaround=F -mP2OPT_align_option_used=TRUE -mGLOB_gcc_version=447 "-mGLOB_options_string=-v -o cmTryCompileExec2059763245 -rdynamic" -mGLOB_cxx_limited_range=FALSE -mCG_extend_parms=FALSE -mGLOB_compiler_bin_directory=/opt/intel/compilers_and_libraries_2016.0.109/linux/bin/intel64 -mGLOB_as_output_backup_file_name=/tmp/icpcd9m04fas_.s -mGLOB_dashboard_use_source_name -mIPOPT_activate -mGLOB_product_id_code=0x22006d8e -mP3OPT_use_mspp_call_convention -mP2OPT_subs_out_of_bound=FALSE -mP2OPT_disam_type_based_disam=2 -mP2OPT_disam_assume_ansi_c -mP2OPT_checked_disam_ansi_alias=TRUE -mGLOB_ansi_alias -mPGOPTI_value_profile_use=T -mGLOB_opt_report_use_source_name -mP2OPT_il0_array_sections=TRUE -mGLOB_offload_mode=1 -mP2OPT_offload_unique_var_string=icpc010302092607PQVghQ -mP2OPT_hlo -mP2OPT_hpo_rtt_control=0 -mIPOPT_args_in_regs=0 -mP2OPT_disam_assume_nonstd_intent_in=FALSE -mGLOB_imf_mapping_library=/opt/intel/compilers_and_libraries_2016.0.109/linux/bin/intel64/libiml_attr.so -mPGOPTI_gen_threadsafe_level=0 -mIPOPT_link -mIPOPT_ipo_activate -mIPOPT_mo_activate -mIPOPT_source_files_list=/tmp/icpcslisrUPPgz -mIPOPT_mo_global_data -mIPOPT_link_script_file=/tmp/icpcscripteTf8Rs "-mIPOPT_cmdline_link="/usr/lib/gcc/x86_64-redhat-linux/4.4.7/../../../../lib64/crt1.o" "/usr/lib/gcc/x86_64-redhat-linux/4.4.7/../../../../lib64/crti.o" "/usr/lib/gcc/x86_64-redhat-linux/4.4.7/crtbegin.o" "-export-dynamic" "--eh-frame-hdr" "--build-id" "-dynamic-linker" "/lib64/ld-linux-x86-64.so.2" "-m" "elf_x86_64" "-o" "cmTryCompileExec2059763245" "-L/opt/intel/compilers_and_libraries_2016.0.109/linux/ipp/../compiler/lib/intel64" "-L/opt/intel/compilers_and_libraries_2016.0.109/linux/ipp/lib/intel64" "-L/opt/intel/compilers_and_libraries_2016.0.109/linux/compiler/lib/intel64" "-L/opt/intel/compilers_and_libraries_2016.0.109/linux/mkl/lib/intel64" "-L/opt/intel/compilers_and_libraries_2016.0.109/linux/tbb/lib/intel64/gcc4.4" "-L/opt/intel/compilers_and_libraries_2016.0.109/linux/daal/lib/intel64_lin" "-L/opt/intel/compilers_and_libraries_2016.0.109/linux/daal/../tbb/lib/intel64_lin/gcc4.4" "-L/opt/intel/compilers_and_libraries_2016.0.109/linux/daal/../compiler/lib/intel64_lin" "-L/opt/intel/compilers_and_libraries_2016.0.109/linux/compiler/lib/intel64_lin" "-L/usr/lib/gcc/x86_64-redhat-linux/4.4.7/" "-L/usr/lib/gcc/x86_64-redhat-linux/4.4.7/../../../../lib64" "-L/usr/lib/gcc/x86_64-redhat-linux/4.4.7/../../../../lib64/" "-L/lib/../lib64" "-L/lib/../lib64/" "-L/usr/lib/../lib64" "-L/usr/lib/../lib64/" "-L/opt/intel/compilers_and_libraries_2016.0.109/linux/ipp/../compiler/lib/intel64/" "-L/opt/intel/compilers_and_libraries_2016.0.109/linux/ipp/lib/intel64/" "-L/opt/intel/compilers_and_libraries_2016.0.109/linux/compiler/lib/intel64/" "-L/opt/intel/compilers_and_libraries_2016.0.109/linux/mkl/lib/intel64/" "-L/opt/intel/compilers_and_libraries_2016.0.109/linux/tbb/lib/intel64/gcc4.4/" "-L/opt/intel/compilers_and_libraries_2016.0.109/linux/daal/lib/intel64_lin/" "-L/opt/intel/compilers_and_libraries_2016.0.109/linux/daal/../tbb/lib/intel64_lin/gcc4.4/" "-L/opt/intel/compilers_and_libraries_2016.0.109/linux/daal/../compiler/lib/intel64_lin/" "-L/usr/lib/gcc/x86_64-redhat-linux/4.4.7/../../../" "-L/lib64" "-L/lib/" "-L/usr/lib64" "-L/usr/lib" "CMakeFiles/cmTryCompileExec2059763245.dir/CMakeCXXCompilerABI.cpp.o" "-Bdynamic" "-Bstatic" "-limf" "-lsvml" "-lirng" "-Bdynamic" "-lm" "-Bstatic" "-lipgo" "-ldecimal" "--as-needed" "-Bdynamic" "-lcilkrts" "--no-as-needed" "-lstdc++" "-lgcc" "-lgcc_s" "-Bstatic" "-lirc" "-lsvml" "-Bdynamic" "-lc" "-lgcc" "-lgcc_s" "-Bstatic" "-lirc_s" "-Bdynamic" "-ldl" "-lc" "/usr/lib/gcc/x86_64-redhat-linux/4.4.7/crtend.o" "/usr/lib/gcc/x86_64-redhat-linux/4.4.7/../../../../lib64/crtn.o"" -mIPOPT_il_in_obj -mIPOPT_ipo_activate_warn=FALSE -mIPOPT_obj_output_file_name=/tmp/ipo_icpcBQxaFb.o -mIPOPT_whole_archive_fixup_file_name=/tmp/icpcwarchc5OPle -mGLOB_linker_version=2.20.51.0.2 -mGLOB_long_size_64 -mGLOB_routine_pointer_size_64 -mGLOB_driver_tempfile_name=/tmp/icpctempfileNZW3Z7 -mP3OPT_asm_target=P3OPT_ASM_TARGET_GAS -mGLOB_async_unwind_tables=TRUE -mGLOB_obj_output_file=/tmp/ipo_icpcBQxaFb.o -mGLOB_source_dialect=GLOB_SOURCE_DIALECT_NONE -mP1OPT_source_file_name=ipo_out.c CMakeFiles/cmTryCompileExec2059763245.dir/CMakeCXXCompilerABI.cpp.o -mIPOPT_object_files=T -mIPOPT_assembly_files=/tmp/icpcalistRDHRY -mIPOPT_generated_tempfiles=/tmp/icpcelisu7OYsS -mIPOPT_embedded_object_base_name=/tmp/icpceobjz5eg4L -mIPOPT_cmdline_link_new_name=/tmp/icpclliskNVxFF]
  link line: [ld    /usr/lib/gcc/x86_64-redhat-linux/4.4.7/../../../../lib64/crt1.o /usr/lib/gcc/x86_64-redhat-linux/4.4.7/../../../../lib64/crti.o /usr/lib/gcc/x86_64-redhat-linux/4.4.7/crtbegin.o -export-dynamic --eh-frame-hdr --build-id -dynamic-linker /lib64/ld-linux-x86-64.so.2 -m elf_x86_64 -o cmTryCompileExec2059763245 -L/opt/intel/compilers_and_libraries_2016.0.109/linux/ipp/../compiler/lib/intel64 -L/opt/intel/compilers_and_libraries_2016.0.109/linux/ipp/lib/intel64 -L/opt/intel/compilers_and_libraries_2016.0.109/linux/compiler/lib/intel64 -L/opt/intel/compilers_and_libraries_2016.0.109/linux/mkl/lib/intel64 -L/opt/intel/compilers_and_libraries_2016.0.109/linux/tbb/lib/intel64/gcc4.4 -L/opt/intel/compilers_and_libraries_2016.0.109/linux/daal/lib/intel64_lin -L/opt/intel/compilers_and_libraries_2016.0.109/linux/daal/../tbb/lib/intel64_lin/gcc4.4 -L/opt/intel/compilers_and_libraries_2016.0.109/linux/daal/../compiler/lib/intel64_lin -L/opt/intel/compilers_and_libraries_2016.0.109/linux/compiler/lib/intel64_lin -L/usr/lib/gcc/x86_64-redhat-linux/4.4.7/ -L/usr/lib/gcc/x86_64-redhat-linux/4.4.7/../../../../lib64 -L/usr/lib/gcc/x86_64-redhat-linux/4.4.7/../../../../lib64/ -L/lib/../lib64 -L/lib/../lib64/ -L/usr/lib/../lib64 -L/usr/lib/../lib64/ -L/opt/intel/compilers_and_libraries_2016.0.109/linux/ipp/../compiler/lib/intel64/ -L/opt/intel/compilers_and_libraries_2016.0.109/linux/ipp/lib/intel64/ -L/opt/intel/compilers_and_libraries_2016.0.109/linux/compiler/lib/intel64/ -L/opt/intel/compilers_and_libraries_2016.0.109/linux/mkl/lib/intel64/ -L/opt/intel/compilers_and_libraries_2016.0.109/linux/tbb/lib/intel64/gcc4.4/ -L/opt/intel/compilers_and_libraries_2016.0.109/linux/daal/lib/intel64_lin/ -L/opt/intel/compilers_and_libraries_2016.0.109/linux/daal/../tbb/lib/intel64_lin/gcc4.4/ -L/opt/intel/compilers_and_libraries_2016.0.109/linux/daal/../compiler/lib/intel64_lin/ -L/usr/lib/gcc/x86_64-redhat-linux/4.4.7/../../../ -L/lib64 -L/lib/ -L/usr/lib64 -L/usr/lib CMakeFiles/cmTryCompileExec2059763245.dir/CMakeCXXCompilerABI.cpp.o -Bdynamic -Bstatic -limf -lsvml -lirng -Bdynamic -lm -Bstatic -lipgo -ldecimal --as-needed -Bdynamic -lcilkrts --no-as-needed -lstdc++ -lgcc -lgcc_s -Bstatic -lirc -lsvml -Bdynamic -lc -lgcc -lgcc_s -Bstatic -lirc_s -Bdynamic -ldl -lc /usr/lib/gcc/x86_64-redhat-linux/4.4.7/crtend.o /usr/lib/gcc/x86_64-redhat-linux/4.4.7/../../../../lib64/crtn.o]
    arg [ld] ==> ignore
    arg [/usr/lib/gcc/x86_64-redhat-linux/4.4.7/../../../../lib64/crt1.o] ==> ignore
    arg [/usr/lib/gcc/x86_64-redhat-linux/4.4.7/../../../../lib64/crti.o] ==> ignore
    arg [/usr/lib/gcc/x86_64-redhat-linux/4.4.7/crtbegin.o] ==> ignore
    arg [-export-dynamic] ==> ignore
    arg [--eh-frame-hdr] ==> ignore
    arg [--build-id] ==> ignore
    arg [-dynamic-linker] ==> ignore
    arg [/lib64/ld-linux-x86-64.so.2] ==> ignore
    arg [-m] ==> ignore
    arg [elf_x86_64] ==> ignore
    arg [-o] ==> ignore
    arg [cmTryCompileExec2059763245] ==> ignore
    arg [-L/opt/intel/compilers_and_libraries_2016.0.109/linux/ipp/../compiler/lib/intel64] ==> dir [/opt/intel/compilers_and_libraries_2016.0.109/linux/ipp/../compiler/lib/intel64]
    arg [-L/opt/intel/compilers_and_libraries_2016.0.109/linux/ipp/lib/intel64] ==> dir [/opt/intel/compilers_and_libraries_2016.0.109/linux/ipp/lib/intel64]
    arg [-L/opt/intel/compilers_and_libraries_2016.0.109/linux/compiler/lib/intel64] ==> dir [/opt/intel/compilers_and_libraries_2016.0.109/linux/compiler/lib/intel64]
    arg [-L/opt/intel/compilers_and_libraries_2016.0.109/linux/mkl/lib/intel64] ==> dir [/opt/intel/compilers_and_libraries_2016.0.109/linux/mkl/lib/intel64]
    arg [-L/opt/intel/compilers_and_libraries_2016.0.109/linux/tbb/lib/intel64/gcc4.4] ==> dir [/opt/intel/compilers_and_libraries_2016.0.109/linux/tbb/lib/intel64/gcc4.4]
    arg [-L/opt/intel/compilers_and_libraries_2016.0.109/linux/daal/lib/intel64_lin] ==> dir [/opt/intel/compilers_and_libraries_2016.0.109/linux/daal/lib/intel64_lin]
    arg [-L/opt/intel/compilers_and_libraries_2016.0.109/linux/daal/../tbb/lib/intel64_lin/gcc4.4] ==> dir [/opt/intel/compilers_and_libraries_2016.0.109/linux/daal/../tbb/lib/intel64_lin/gcc4.4]
    arg [-L/opt/intel/compilers_and_libraries_2016.0.109/linux/daal/../compiler/lib/intel64_lin] ==> dir [/opt/intel/compilers_and_libraries_2016.0.109/linux/daal/../compiler/lib/intel64_lin]
    arg [-L/opt/intel/compilers_and_libraries_2016.0.109/linux/compiler/lib/intel64_lin] ==> dir [/opt/intel/compilers_and_libraries_2016.0.109/linux/compiler/lib/intel64_lin]
    arg [-L/usr/lib/gcc/x86_64-redhat-linux/4.4.7/] ==> dir [/usr/lib/gcc/x86_64-redhat-linux/4.4.7/]
    arg [-L/usr/lib/gcc/x86_64-redhat-linux/4.4.7/../../../../lib64] ==> dir [/usr/lib/gcc/x86_64-redhat-linux/4.4.7/../../../../lib64]
    arg [-L/usr/lib/gcc/x86_64-redhat-linux/4.4.7/../../../../lib64/] ==> dir [/usr/lib/gcc/x86_64-redhat-linux/4.4.7/../../../../lib64/]
    arg [-L/lib/../lib64] ==> dir [/lib/../lib64]
    arg [-L/lib/../lib64/] ==> dir [/lib/../lib64/]
    arg [-L/usr/lib/../lib64] ==> dir [/usr/lib/../lib64]
    arg [-L/usr/lib/../lib64/] ==> dir [/usr/lib/../lib64/]
    arg [-L/opt/intel/compilers_and_libraries_2016.0.109/linux/ipp/../compiler/lib/intel64/] ==> dir [/opt/intel/compilers_and_libraries_2016.0.109/linux/ipp/../compiler/lib/intel64/]
    arg [-L/opt/intel/compilers_and_libraries_2016.0.109/linux/ipp/lib/intel64/] ==> dir [/opt/intel/compilers_and_libraries_2016.0.109/linux/ipp/lib/intel64/]
    arg [-L/opt/intel/compilers_and_libraries_2016.0.109/linux/compiler/lib/intel64/] ==> dir [/opt/intel/compilers_and_libraries_2016.0.109/linux/compiler/lib/intel64/]
    arg [-L/opt/intel/compilers_and_libraries_2016.0.109/linux/mkl/lib/intel64/] ==> dir [/opt/intel/compilers_and_libraries_2016.0.109/linux/mkl/lib/intel64/]
    arg [-L/opt/intel/compilers_and_libraries_2016.0.109/linux/tbb/lib/intel64/gcc4.4/] ==> dir [/opt/intel/compilers_and_libraries_2016.0.109/linux/tbb/lib/intel64/gcc4.4/]
    arg [-L/opt/intel/compilers_and_libraries_2016.0.109/linux/daal/lib/intel64_lin/] ==> dir [/opt/intel/compilers_and_libraries_2016.0.109/linux/daal/lib/intel64_lin/]
    arg [-L/opt/intel/compilers_and_libraries_2016.0.109/linux/daal/../tbb/lib/intel64_lin/gcc4.4/] ==> dir [/opt/intel/compilers_and_libraries_2016.0.109/linux/daal/../tbb/lib/intel64_lin/gcc4.4/]
    arg [-L/opt/intel/compilers_and_libraries_2016.0.109/linux/daal/../compiler/lib/intel64_lin/] ==> dir [/opt/intel/compilers_and_libraries_2016.0.109/linux/daal/../compiler/lib/intel64_lin/]
    arg [-L/usr/lib/gcc/x86_64-redhat-linux/4.4.7/../../../] ==> dir [/usr/lib/gcc/x86_64-redhat-linux/4.4.7/../../../]
    arg [-L/lib64] ==> dir [/lib64]
    arg [-L/lib/] ==> dir [/lib/]
    arg [-L/usr/lib64] ==> dir [/usr/lib64]
    arg [-L/usr/lib] ==> dir [/usr/lib]
    arg [CMakeFiles/cmTryCompileExec2059763245.dir/CMakeCXXCompilerABI.cpp.o] ==> ignore
    arg [-Bdynamic] ==> ignore
    arg [-Bstatic] ==> ignore
    arg [-limf] ==> lib [imf]
    arg [-lsvml] ==> lib [svml]
    arg [-lirng] ==> lib [irng]
    arg [-Bdynamic] ==> ignore
    arg [-lm] ==> lib [m]
    arg [-Bstatic] ==> ignore
    arg [-lipgo] ==> lib [ipgo]
    arg [-ldecimal] ==> lib [decimal]
    arg [--as-needed] ==> ignore
    arg [-Bdynamic] ==> ignore
    arg [-lcilkrts] ==> lib [cilkrts]
    arg [--no-as-needed] ==> ignore
    arg [-lstdc++] ==> lib [stdc++]
    arg [-lgcc] ==> lib [gcc]
    arg [-lgcc_s] ==> lib [gcc_s]
    arg [-Bstatic] ==> ignore
    arg [-lirc] ==> lib [irc]
    arg [-lsvml] ==> lib [svml]
    arg [-Bdynamic] ==> ignore
    arg [-lc] ==> lib [c]
    arg [-lgcc] ==> lib [gcc]
    arg [-lgcc_s] ==> lib [gcc_s]
    arg [-Bstatic] ==> ignore
    arg [-lirc_s] ==> lib [irc_s]
    arg [-Bdynamic] ==> ignore
    arg [-ldl] ==> lib [dl]
    arg [-lc] ==> lib [c]
    arg [/usr/lib/gcc/x86_64-redhat-linux/4.4.7/crtend.o] ==> ignore
    arg [/usr/lib/gcc/x86_64-redhat-linux/4.4.7/../../../../lib64/crtn.o] ==> ignore
  remove lib [gcc]
  remove lib [gcc_s]
  remove lib [gcc]
  remove lib [gcc_s]
  collapse library dir [/opt/intel/compilers_and_libraries_2016.0.109/linux/ipp/../compiler/lib/intel64] ==> [/opt/intel/compilers_and_libraries_2016.0.109/linux/compiler/lib/intel64]
  collapse library dir [/opt/intel/compilers_and_libraries_2016.0.109/linux/ipp/lib/intel64] ==> [/opt/intel/compilers_and_libraries_2016.0.109/linux/ipp/lib/intel64]
  collapse library dir [/opt/intel/compilers_and_libraries_2016.0.109/linux/compiler/lib/intel64] ==> [/opt/intel/compilers_and_libraries_2016.0.109/linux/compiler/lib/intel64]
  collapse library dir [/opt/intel/compilers_and_libraries_2016.0.109/linux/mkl/lib/intel64] ==> [/opt/intel/compilers_and_libraries_2016.0.109/linux/mkl/lib/intel64]
  collapse library dir [/opt/intel/compilers_and_libraries_2016.0.109/linux/tbb/lib/intel64/gcc4.4] ==> [/opt/intel/compilers_and_libraries_2016.0.109/linux/tbb/lib/intel64/gcc4.4]
  collapse library dir [/opt/intel/compilers_and_libraries_2016.0.109/linux/daal/lib/intel64_lin] ==> [/opt/intel/compilers_and_libraries_2016.0.109/linux/daal/lib/intel64_lin]
  collapse library dir [/opt/intel/compilers_and_libraries_2016.0.109/linux/daal/../tbb/lib/intel64_lin/gcc4.4] ==> [/opt/intel/compilers_and_libraries_2016.0.109/linux/tbb/lib/intel64_lin/gcc4.4]
  collapse library dir [/opt/intel/compilers_and_libraries_2016.0.109/linux/daal/../compiler/lib/intel64_lin] ==> [/opt/intel/compilers_and_libraries_2016.0.109/linux/compiler/lib/intel64_lin]
  collapse library dir [/opt/intel/compilers_and_libraries_2016.0.109/linux/compiler/lib/intel64_lin] ==> [/opt/intel/compilers_and_libraries_2016.0.109/linux/compiler/lib/intel64_lin]
  collapse library dir [/usr/lib/gcc/x86_64-redhat-linux/4.4.7/] ==> [/usr/lib/gcc/x86_64-redhat-linux/4.4.7]
  collapse library dir [/usr/lib/gcc/x86_64-redhat-linux/4.4.7/../../../../lib64] ==> [/usr/lib64]
  collapse library dir [/usr/lib/gcc/x86_64-redhat-linux/4.4.7/../../../../lib64/] ==> [/usr/lib64]
  collapse library dir [/lib/../lib64] ==> [/lib64]
  collapse library dir [/lib/../lib64/] ==> [/lib64]
  collapse library dir [/usr/lib/../lib64] ==> [/usr/lib64]
  collapse library dir [/usr/lib/../lib64/] ==> [/usr/lib64]
  collapse library dir [/opt/intel/compilers_and_libraries_2016.0.109/linux/ipp/../compiler/lib/intel64/] ==> [/opt/intel/compilers_and_libraries_2016.0.109/linux/compiler/lib/intel64]
  collapse library dir [/opt/intel/compilers_and_libraries_2016.0.109/linux/ipp/lib/intel64/] ==> [/opt/intel/compilers_and_libraries_2016.0.109/linux/ipp/lib/intel64]
  collapse library dir [/opt/intel/compilers_and_libraries_2016.0.109/linux/compiler/lib/intel64/] ==> [/opt/intel/compilers_and_libraries_2016.0.109/linux/compiler/lib/intel64]
  collapse library dir [/opt/intel/compilers_and_libraries_2016.0.109/linux/mkl/lib/intel64/] ==> [/opt/intel/compilers_and_libraries_2016.0.109/linux/mkl/lib/intel64]
  collapse library dir [/opt/intel/compilers_and_libraries_2016.0.109/linux/tbb/lib/intel64/gcc4.4/] ==> [/opt/intel/compilers_and_libraries_2016.0.109/linux/tbb/lib/intel64/gcc4.4]
  collapse library dir [/opt/intel/compilers_and_libraries_2016.0.109/linux/daal/lib/intel64_lin/] ==> [/opt/intel/compilers_and_libraries_2016.0.109/linux/daal/lib/intel64_lin]
  collapse library dir [/opt/intel/compilers_and_libraries_2016.0.109/linux/daal/../tbb/lib/intel64_lin/gcc4.4/] ==> [/opt/intel/compilers_and_libraries_2016.0.109/linux/tbb/lib/intel64_lin/gcc4.4]
  collapse library dir [/opt/intel/compilers_and_libraries_2016.0.109/linux/daal/../compiler/lib/intel64_lin/] ==> [/opt/intel/compilers_and_libraries_2016.0.109/linux/compiler/lib/intel64_lin]
  collapse library dir [/usr/lib/gcc/x86_64-redhat-linux/4.4.7/../../../] ==> [/usr/lib]
  collapse library dir [/lib64] ==> [/lib64]
  collapse library dir [/lib/] ==> [/lib]
  collapse library dir [/usr/lib64] ==> [/usr/lib64]
  collapse library dir [/usr/lib] ==> [/usr/lib]
  implicit libs: [imf;svml;irng;m;ipgo;decimal;cilkrts;stdc++;irc;svml;c;irc_s;dl;c]
  implicit dirs: [/opt/intel/compilers_and_libraries_2016.0.109/linux/compiler/lib/intel64;/opt/intel/compilers_and_libraries_2016.0.109/linux/ipp/lib/intel64;/opt/intel/compilers_and_libraries_2016.0.109/linux/mkl/lib/intel64;/opt/intel/compilers_and_libraries_2016.0.109/linux/tbb/lib/intel64/gcc4.4;/opt/intel/compilers_and_libraries_2016.0.109/linux/daal/lib/intel64_lin;/opt/intel/compilers_and_libraries_2016.0.109/linux/tbb/lib/intel64_lin/gcc4.4;/opt/intel/compilers_and_libraries_2016.0.109/linux/compiler/lib/intel64_lin;/usr/lib/gcc/x86_64-redhat-linux/4.4.7;/usr/lib64;/lib64;/usr/lib;/lib]
  implicit fwks: []


Determining if the function XOpenDisplay exists in the /usr/lib64/libX11.so;/usr/lib64/libXext.so passed with the following output:
Change Dir: //home/jlin29/Desktop/L09/build/CMakeFiles/CMakeTmp

Run Build Command:/usr/bin/gmake "cmTryCompileExec2626183809/fast"
gmake: Warning: File `Makefile' has modification time 0.018 s in the future
/usr/bin/gmake -f CMakeFiles/cmTryCompileExec2626183809.dir/build.make CMakeFiles/cmTryCompileExec2626183809.dir/build
gmake[1]: Entering directory `/home/jlin29/Desktop/L09/build/CMakeFiles/CMakeTmp'
gmake[1]: Warning: File `CMakeFiles/cmTryCompileExec2626183809.dir/progress.make' has modification time 0.052 s in the future
/usr/bin/cmake -E cmake_progress_report //home/jlin29/Desktop/L09/build/CMakeFiles/CMakeTmp/CMakeFiles 1
Building C object CMakeFiles/cmTryCompileExec2626183809.dir/CheckFunctionExists.c.o
/opt/intel/compilers_and_libraries_2016.0.109/linux/bin/intel64/icc   -DCHECK_FUNCTION_EXISTS=XOpenDisplay   -o CMakeFiles/cmTryCompileExec2626183809.dir/CheckFunctionExists.c.o   -c /usr/share/cmake/Modules/CheckFunctionExists.c
Linking C executable cmTryCompileExec2626183809
/usr/bin/cmake -E cmake_link_script CMakeFiles/cmTryCompileExec2626183809.dir/link.txt --verbose=1
/opt/intel/compilers_and_libraries_2016.0.109/linux/bin/intel64/icc   -DCHECK_FUNCTION_EXISTS=XOpenDisplay    CMakeFiles/cmTryCompileExec2626183809.dir/CheckFunctionExists.c.o  -o cmTryCompileExec2626183809 -rdynamic -lX11 -lXext 
gmake[1]: warning:  Clock skew detected.  Your build may be incomplete.
gmake[1]: Leaving directory `/home/jlin29/Desktop/L09/build/CMakeFiles/CMakeTmp'
gmake: warning:  Clock skew detected.  Your build may be incomplete.


Determining if the function gethostbyname exists passed with the following output:
Change Dir: //home/jlin29/Desktop/L09/build/CMakeFiles/CMakeTmp

Run Build Command:/usr/bin/gmake "cmTryCompileExec2686791489/fast"
gmake: Warning: File `Makefile' has modification time 0.0014 s in the future
/usr/bin/gmake -f CMakeFiles/cmTryCompileExec2686791489.dir/build.make CMakeFiles/cmTryCompileExec2686791489.dir/build
gmake[1]: Entering directory `/home/jlin29/Desktop/L09/build/CMakeFiles/CMakeTmp'
gmake[1]: Warning: File `CMakeFiles/cmTryCompileExec2686791489.dir/progress.make' has modification time 0.027 s in the future
/usr/bin/cmake -E cmake_progress_report //home/jlin29/Desktop/L09/build/CMakeFiles/CMakeTmp/CMakeFiles 1
Building C object CMakeFiles/cmTryCompileExec2686791489.dir/CheckFunctionExists.c.o
/opt/intel/compilers_and_libraries_2016.0.109/linux/bin/intel64/icc   -DCHECK_FUNCTION_EXISTS=gethostbyname   -o CMakeFiles/cmTryCompileExec2686791489.dir/CheckFunctionExists.c.o   -c /usr/share/cmake/Modules/CheckFunctionExists.c
Linking C executable cmTryCompileExec2686791489
/usr/bin/cmake -E cmake_link_script CMakeFiles/cmTryCompileExec2686791489.dir/link.txt --verbose=1
/opt/intel/compilers_and_libraries_2016.0.109/linux/bin/intel64/icc   -DCHECK_FUNCTION_EXISTS=gethostbyname    CMakeFiles/cmTryCompileExec2686791489.dir/CheckFunctionExists.c.o  -o cmTryCompileExec2686791489 -rdynamic 
gmake[1]: warning:  Clock skew detected.  Your build may be incomplete.
gmake[1]: Leaving directory `/home/jlin29/Desktop/L09/build/CMakeFiles/CMakeTmp'
gmake: warning:  Clock skew detected.  Your build may be incomplete.


Determining if the function connect exists passed with the following output:
Change Dir: //home/jlin29/Desktop/L09/build/CMakeFiles/CMakeTmp

Run Build Command:/usr/bin/gmake "cmTryCompileExec690590568/fast"
gmake: Warning: File `Makefile' has modification time 0.0027 s in the future
/usr/bin/gmake -f CMakeFiles/cmTryCompileExec690590568.dir/build.make CMakeFiles/cmTryCompileExec690590568.dir/build
gmake[1]: Entering directory `/home/jlin29/Desktop/L09/build/CMakeFiles/CMakeTmp'
gmake[1]: Warning: File `CMakeFiles/cmTryCompileExec690590568.dir/progress.make' has modification time 0.04 s in the future
/usr/bin/cmake -E cmake_progress_report //home/jlin29/Desktop/L09/build/CMakeFiles/CMakeTmp/CMakeFiles 1
Building C object CMakeFiles/cmTryCompileExec690590568.dir/CheckFunctionExists.c.o
/opt/intel/compilers_and_libraries_2016.0.109/linux/bin/intel64/icc   -DCHECK_FUNCTION_EXISTS=connect   -o CMakeFiles/cmTryCompileExec690590568.dir/CheckFunctionExists.c.o   -c /usr/share/cmake/Modules/CheckFunctionExists.c
Linking C executable cmTryCompileExec690590568
/usr/bin/cmake -E cmake_link_script CMakeFiles/cmTryCompileExec690590568.dir/link.txt --verbose=1
/opt/intel/compilers_and_libraries_2016.0.109/linux/bin/intel64/icc   -DCHECK_FUNCTION_EXISTS=connect    CMakeFiles/cmTryCompileExec690590568.dir/CheckFunctionExists.c.o  -o cmTryCompileExec690590568 -rdynamic 
gmake[1]: warning:  Clock skew detected.  Your build may be incomplete.
gmake[1]: Leaving directory `/home/jlin29/Desktop/L09/build/CMakeFiles/CMakeTmp'
gmake: warning:  Clock skew detected.  Your build may be incomplete.


Determining if the function remove exists passed with the following output:
Change Dir: //home/jlin29/Desktop/L09/build/CMakeFiles/CMakeTmp

Run Build Command:/usr/bin/gmake "cmTryCompileExec3723862992/fast"
gmake: Warning: File `Makefile' has modification time 0.024 s in the future
/usr/bin/gmake -f CMakeFiles/cmTryCompileExec3723862992.dir/build.make CMakeFiles/cmTryCompileExec3723862992.dir/build
gmake[1]: Entering directory `/home/jlin29/Desktop/L09/build/CMakeFiles/CMakeTmp'
gmake[1]: Warning: File `CMakeFiles/cmTryCompileExec3723862992.dir/flags.make' has modification time 0.0044 s in the future
/usr/bin/cmake -E cmake_progress_report //home/jlin29/Desktop/L09/build/CMakeFiles/CMakeTmp/CMakeFiles 1
Building C object CMakeFiles/cmTryCompileExec3723862992.dir/CheckFunctionExists.c.o
/opt/intel/compilers_and_libraries_2016.0.109/linux/bin/intel64/icc   -DCHECK_FUNCTION_EXISTS=remove   -o CMakeFiles/cmTryCompileExec3723862992.dir/CheckFunctionExists.c.o   -c /usr/share/cmake/Modules/CheckFunctionExists.c
Linking C executable cmTryCompileExec3723862992
/usr/bin/cmake -E cmake_link_script CMakeFiles/cmTryCompileExec3723862992.dir/link.txt --verbose=1
/opt/intel/compilers_and_libraries_2016.0.109/linux/bin/intel64/icc   -DCHECK_FUNCTION_EXISTS=remove    CMakeFiles/cmTryCompileExec3723862992.dir/CheckFunctionExists.c.o  -o cmTryCompileExec3723862992 -rdynamic 
gmake[1]: warning:  Clock skew detected.  Your build may be incomplete.
gmake[1]: Leaving directory `/home/jlin29/Desktop/L09/build/CMakeFiles/CMakeTmp'
gmake: warning:  Clock skew detected.  Your build may be incomplete.


Determining if the function shmat exists passed with the following output:
Change Dir: //home/jlin29/Desktop/L09/build/CMakeFiles/CMakeTmp

Run Build Command:/usr/bin/gmake "cmTryCompileExec2120161875/fast"
/usr/bin/gmake -f CMakeFiles/cmTryCompileExec2120161875.dir/build.make CMakeFiles/cmTryCompileExec2120161875.dir/build
gmake[1]: Entering directory `/home/jlin29/Desktop/L09/build/CMakeFiles/CMakeTmp'
gmake[1]: Warning: File `CMakeFiles/cmTryCompileExec2120161875.dir/progress.make' has modification time 0.031 s in the future
/usr/bin/cmake -E cmake_progress_report //home/jlin29/Desktop/L09/build/CMakeFiles/CMakeTmp/CMakeFiles 1
Building C object CMakeFiles/cmTryCompileExec2120161875.dir/CheckFunctionExists.c.o
/opt/intel/compilers_and_libraries_2016.0.109/linux/bin/intel64/icc   -DCHECK_FUNCTION_EXISTS=shmat   -o CMakeFiles/cmTryCompileExec2120161875.dir/CheckFunctionExists.c.o   -c /usr/share/cmake/Modules/CheckFunctionExists.c
Linking C executable cmTryCompileExec2120161875
/usr/bin/cmake -E cmake_link_script CMakeFiles/cmTryCompileExec2120161875.dir/link.txt --verbose=1
/opt/intel/compilers_and_libraries_2016.0.109/linux/bin/intel64/icc   -DCHECK_FUNCTION_EXISTS=shmat    CMakeFiles/cmTryCompileExec2120161875.dir/CheckFunctionExists.c.o  -o cmTryCompileExec2120161875 -rdynamic 
gmake[1]: warning:  Clock skew detected.  Your build may be incomplete.
gmake[1]: Leaving directory `/home/jlin29/Desktop/L09/build/CMakeFiles/CMakeTmp'


Determining if the function IceConnectionNumber exists in the ICE passed with the following output:
Change Dir: //home/jlin29/Desktop/L09/build/CMakeFiles/CMakeTmp

Run Build Command:/usr/bin/gmake "cmTryCompileExec1467320200/fast"
/usr/bin/gmake -f CMakeFiles/cmTryCompileExec1467320200.dir/build.make CMakeFiles/cmTryCompileExec1467320200.dir/build
gmake[1]: Entering directory `/home/jlin29/Desktop/L09/build/CMakeFiles/CMakeTmp'
gmake[1]: Warning: File `CMakeFiles/cmTryCompileExec1467320200.dir/progress.make' has modification time 0.038 s in the future
/usr/bin/cmake -E cmake_progress_report //home/jlin29/Desktop/L09/build/CMakeFiles/CMakeTmp/CMakeFiles 1
Building C object CMakeFiles/cmTryCompileExec1467320200.dir/CheckFunctionExists.c.o
/opt/intel/compilers_and_libraries_2016.0.109/linux/bin/intel64/icc   -DCHECK_FUNCTION_EXISTS=IceConnectionNumber   -o CMakeFiles/cmTryCompileExec1467320200.dir/CheckFunctionExists.c.o   -c /usr/share/cmake/Modules/CheckFunctionExists.c
Linking C executable cmTryCompileExec1467320200
/usr/bin/cmake -E cmake_link_script CMakeFiles/cmTryCompileExec1467320200.dir/link.txt --verbose=1
/opt/intel/compilers_and_libraries_2016.0.109/linux/bin/intel64/icc   -DCHECK_FUNCTION_EXISTS=IceConnectionNumber    CMakeFiles/cmTryCompileExec1467320200.dir/CheckFunctionExists.c.o  -o cmTryCompileExec1467320200 -rdynamic -lICE 
gmake[1]: warning:  Clock skew detected.  Your build may be incomplete.
gmake[1]: Leaving directory `/home/jlin29/Desktop/L09/build/CMakeFiles/CMakeTmp'


Determining if files pthread.h exist passed with the following output:
Change Dir: //home/jlin29/Desktop/L09/build/CMakeFiles/CMakeTmp

Run Build Command:/usr/bin/gmake "cmTryCompileExec2391974547/fast"
/usr/bin/gmake -f CMakeFiles/cmTryCompileExec2391974547.dir/build.make CMakeFiles/cmTryCompileExec2391974547.dir/build
gmake[1]: Entering directory `/home/jlin29/Desktop/L09/build/CMakeFiles/CMakeTmp'
gmake[1]: Warning: File `CMakeFiles/cmTryCompileExec2391974547.dir/progress.make' has modification time 0.011 s in the future
/usr/bin/cmake -E cmake_progress_report //home/jlin29/Desktop/L09/build/CMakeFiles/CMakeTmp/CMakeFiles 1
Building C object CMakeFiles/cmTryCompileExec2391974547.dir/CheckIncludeFiles.c.o
/opt/intel/compilers_and_libraries_2016.0.109/linux/bin/intel64/icc    -o CMakeFiles/cmTryCompileExec2391974547.dir/CheckIncludeFiles.c.o   -c //home/jlin29/Desktop/L09/build/CMakeFiles/CMakeTmp/CheckIncludeFiles.c
Linking C executable cmTryCompileExec2391974547
/usr/bin/cmake -E cmake_link_script CMakeFiles/cmTryCompileExec2391974547.dir/link.txt --verbose=1
/opt/intel/compilers_and_libraries_2016.0.109/linux/bin/intel64/icc       CMakeFiles/cmTryCompileExec2391974547.dir/CheckIncludeFiles.c.o  -o cmTryCompileExec2391974547 -rdynamic 
gmake[1]: warning:  Clock skew detected.  Your build may be incomplete.
gmake[1]: Leaving directory `/home/jlin29/Desktop/L09/build/CMakeFiles/CMakeTmp'


Determining if the function pthread_create exists in the pthread passed with the following output:
Change Dir: //home/jlin29/Desktop/L09/build/CMakeFiles/CMakeTmp

Run Build Command:/usr/bin/gmake "cmTryCompileExec2350927229/fast"
/usr/bin/gmake -f CMakeFiles/cmTryCompileExec2350927229.dir/build.make CMakeFiles/cmTryCompileExec2350927229.dir/build
gmake[1]: Entering directory `/home/jlin29/Desktop/L09/build/CMakeFiles/CMakeTmp'
gmake[1]: Warning: File `CMakeFiles/cmTryCompileExec2350927229.dir/progress.make' has modification time 0.014 s in the future
/usr/bin/cmake -E cmake_progress_report //home/jlin29/Desktop/L09/build/CMakeFiles/CMakeTmp/CMakeFiles 1
Building C object CMakeFiles/cmTryCompileExec2350927229.dir/CheckFunctionExists.c.o
/opt/intel/compilers_and_libraries_2016.0.109/linux/bin/intel64/icc   -DCHECK_FUNCTION_EXISTS=pthread_create   -o CMakeFiles/cmTryCompileExec2350927229.dir/CheckFunctionExists.c.o   -c /usr/share/cmake/Modules/CheckFunctionExists.c
Linking C executable cmTryCompileExec2350927229
/usr/bin/cmake -E cmake_link_script CMakeFiles/cmTryCompileExec2350927229.dir/link.txt --verbose=1
/opt/intel/compilers_and_libraries_2016.0.109/linux/bin/intel64/icc   -DCHECK_FUNCTION_EXISTS=pthread_create    CMakeFiles/cmTryCompileExec2350927229.dir/CheckFunctionExists.c.o  -o cmTryCompileExec2350927229 -rdynamic -lpthread 
gmake[1]: warning:  Clock skew detected.  Your build may be incomplete.
gmake[1]: Leaving directory `/home/jlin29/Desktop/L09/build/CMakeFiles/CMakeTmp'


